Using pre-set license
Built from '2020.3/staging' branch; Version is '2020.3.11f1 (99c7afb366b3) revision 10078127'; Using compiler version '192528614'; Build Type 'Release'
OS: 'Windows 10 Home; OS build 19043.1237; Version 2009; 64bit' Language: 'en' Physical Memory: 16221 MB
BatchMode: 1, IsHumanControllingUs: 0, StartBugReporterOnCrash: 0, Is64bit: 1, IsPro: 0

 COMMAND LINE ARGUMENTS:
C:\Program Files\Unity\Hub\Editor\2020.3.11f1\Editor\Unity.exe
-adb2
-batchMode
-noUpm
-name
AssetImportWorker0
-projectPath
D:/Old Work Files/SCHOOL WORK/Twente/Y3/Q3 + Q4 GP/Graduation Project/Unity Prototype/Fingerprint Training Unity Project
-logFile
Logs/AssetImportWorker0.log
-srvPort
56631
Successfully changed project path to: D:/Old Work Files/SCHOOL WORK/Twente/Y3/Q3 + Q4 GP/Graduation Project/Unity Prototype/Fingerprint Training Unity Project
D:/Old Work Files/SCHOOL WORK/Twente/Y3/Q3 + Q4 GP/Graduation Project/Unity Prototype/Fingerprint Training Unity Project
Using Asset Import Pipeline V2.
Refreshing native plugins compatible for Editor in 88.74 ms, found 3 plugins.
Preloading 0 native plugins for Editor in 0.00 ms.
Initialize engine version: 2020.3.11f1 (99c7afb366b3)
[Subsystems] Discovering subsystems at path C:/Program Files/Unity/Hub/Editor/2020.3.11f1/Editor/Data/Resources/UnitySubsystems
[Subsystems] Discovering subsystems at path D:/Old Work Files/SCHOOL WORK/Twente/Y3/Q3 + Q4 GP/Graduation Project/Unity Prototype/Fingerprint Training Unity Project/Assets
GfxDevice: creating device client; threaded=0
Direct3D:
    Version:  Direct3D 11.0 [level 11.1]
    Renderer: NVIDIA GeForce GTX 1650 (ID=0x1f91)
    Vendor:   
    VRAM:     3962 MB
    Driver:   30.0.14.7111
Initialize mono
Mono path[0] = 'C:/Program Files/Unity/Hub/Editor/2020.3.11f1/Editor/Data/Managed'
Mono path[1] = 'C:/Program Files/Unity/Hub/Editor/2020.3.11f1/Editor/Data/MonoBleedingEdge/lib/mono/unityjit'
Mono config path = 'C:/Program Files/Unity/Hub/Editor/2020.3.11f1/Editor/Data/MonoBleedingEdge/etc'
Using monoOptions --debugger-agent=transport=dt_socket,embedding=1,server=y,suspend=n,address=127.0.0.1:56364
Begin MonoManager ReloadAssembly
Registering precompiled unity dll's ...
Register platform support module: C:/Program Files/Unity/Hub/Editor/2020.3.11f1/Editor/Data/PlaybackEngines/WebGLSupport/UnityEditor.WebGL.Extensions.dll
Register platform support module: C:/Program Files/Unity/Hub/Editor/2020.3.11f1/Editor/Data/PlaybackEngines/MacStandaloneSupport/UnityEditor.OSXStandalone.Extensions.dll
Register platform support module: C:/Program Files/Unity/Hub/Editor/2020.3.11f1/Editor/Data/PlaybackEngines/WindowsStandaloneSupport/UnityEditor.WindowsStandalone.Extensions.dll
Registered in 0.004499 seconds.
Native extension for WindowsStandalone target not found
Native extension for OSXStandalone target not found
Native extension for WebGL target not found
Refreshing native plugins compatible for Editor in 83.86 ms, found 3 plugins.
Preloading 0 native plugins for Editor in 0.00 ms.
Mono: successfully reloaded assembly
- Completed reload, in  2.137 seconds
Platform modules already initialized, skipping
Registering precompiled user dll's ...
Registered in 0.004998 seconds.
Begin MonoManager ReloadAssembly
Native extension for WindowsStandalone target not found
Native extension for OSXStandalone target not found
Native extension for WebGL target not found
Refreshing native plugins compatible for Editor in 79.34 ms, found 3 plugins.
Preloading 0 native plugins for Editor in 0.00 ms.
Mono: successfully reloaded assembly
- Completed reload, in  1.795 seconds
Platform modules already initialized, skipping
========================================================================
Worker process is ready to serve import requests
Launched and connected shader compiler UnityShaderCompiler.exe after 0.10 seconds
Refreshing native plugins compatible for Editor in 0.69 ms, found 3 plugins.
Preloading 0 native plugins for Editor in 0.00 ms.
Unloading 2228 Unused Serialized files (Serialized files now loaded: 0)
System memory in use before: 120.4 MB.
System memory in use after: 120.5 MB.

Unloading 28 unused Assets to reduce memory usage. Loaded Objects now: 2686.
Total: 3.534400 ms (FindLiveObjects: 0.307800 ms CreateObjectMapping: 0.148900 ms MarkObjects: 2.943200 ms  DeleteObjects: 0.132800 ms)

========================================================================
Received Import Request.
  path: Assets/Scripts/Modules/LessonExerciseType.cs
  artifactKey: Guid(dcda136fec63d8241b328dfbf6172d42) Importer(815301076,1909f56bfc062723c751e8b465ee728b)
Start importing Assets/Scripts/Modules/LessonExerciseType.cs using Guid(dcda136fec63d8241b328dfbf6172d42) Importer(815301076,1909f56bfc062723c751e8b465ee728b)  -> (artifact id: 'be88cffafcae425c0f6c7cff2461d638') in 0.160467 seconds
  Import took 0.394125 seconds .

========================================================================
Received Import Request.
  Time since last request: 0.000412 seconds.
  path: Assets/Scripts/Modules/LessonDescriptionContentScriptableObject.cs
  artifactKey: Guid(b2af5575a43c3f94ead165a57e07789d) Importer(815301076,1909f56bfc062723c751e8b465ee728b)
Start importing Assets/Scripts/Modules/LessonDescriptionContentScriptableObject.cs using Guid(b2af5575a43c3f94ead165a57e07789d) Importer(815301076,1909f56bfc062723c751e8b465ee728b)  -> (artifact id: '46d1d80e9bb0db31043442e96dc59413') in 0.010010 seconds
  Import took 0.121591 seconds .

========================================================================
Received Import Request.
  Time since last request: 0.000344 seconds.
  path: Assets/Scripts/Modules/ExerciseDifficultyDescriptionContentScriptableObject.cs
  artifactKey: Guid(28d17107304c56047994847f86591f82) Importer(815301076,1909f56bfc062723c751e8b465ee728b)
Start importing Assets/Scripts/Modules/ExerciseDifficultyDescriptionContentScriptableObject.cs using Guid(28d17107304c56047994847f86591f82) Importer(815301076,1909f56bfc062723c751e8b465ee728b)  -> (artifact id: '607e89092b74cdcc849036524da058e6') in 0.024595 seconds
  Import took 0.161819 seconds .

========================================================================
Received Import Request.
  Time since last request: 0.000358 seconds.
  path: Assets/Scripts/Modules/ExerciseResults.cs
  artifactKey: Guid(a879d83c55b52de4ebd6160dcb90adad) Importer(815301076,1909f56bfc062723c751e8b465ee728b)
Start importing Assets/Scripts/Modules/ExerciseResults.cs using Guid(a879d83c55b52de4ebd6160dcb90adad) Importer(815301076,1909f56bfc062723c751e8b465ee728b)  -> (artifact id: '9f96123ef7b44098981847558b610700') in 0.008562 seconds
  Import took 0.068113 seconds .

AssetImportWorkerClient::OnTransportError - code=2 error=End of file
